<?xml version="1.0" encoding="UTF-8"?>
<testng-results ignored="0" total="1" passed="1" failed="0" skipped="0">
  <reporter-output>
  </reporter-output>
  <suite started-at="2023-12-27T00:52:12Z" name="Suite" finished-at="2023-12-27T00:52:18Z" duration-ms="5850">
    <groups>
    </groups>
    <test started-at="2023-12-27T00:52:12Z" name="ActionsTest" finished-at="2023-12-27T00:52:18Z" duration-ms="5850">
      <class name="testClass.FlightBooking">
        <test-method is-config="true" signature="setup(java.lang.String)[pri:0, instance:testClass.FlightBooking@3e6104fc]" started-at="2023-12-27T00:52:12Z" name="setup" finished-at="2023-12-27T00:52:15Z" duration-ms="2799" status="PASS">
          <params>
            <param index="0">
              <value>
                <![CDATA[chrome]]>
              </value>
            </param>
          </params>
          <reporter-output>
          </reporter-output>
        </test-method> <!-- setup -->
        <test-method signature="BookFlight()[pri:0, instance:testClass.FlightBooking@3e6104fc]" started-at="2023-12-27T00:52:15Z" name="BookFlight" finished-at="2023-12-27T00:52:18Z" duration-ms="2580" status="PASS">
          <reporter-output>
          </reporter-output>
        </test-method> <!-- BookFlight -->
      </class> <!-- testClass.FlightBooking -->
    </test> <!-- ActionsTest -->
  </suite> <!-- Suite -->
</testng-results>
